# JRE version: Java(TM) SE Runtime Environment (8.0_144-b01) (build 1.8.0_144-b01)
# Java VM: Java HotSpot(TM) Client VM (25.144-b01 mixed mode windows-x86 )
Heap:
 def new generation   total 39424K, used 36275K [0x04800000, 0x072c0000, 0x0f2a0000)
  eden space 35072K,  98% used [0x04800000, 0x069de210, 0x06a40000)
  from space 4352K,  36% used [0x06a40000, 0x06bcea78, 0x06e80000)
  to   space 4352K,   0% used [0x06e80000, 0x06e80000, 0x072c0000)
 tenured generation   total 87424K, used 77899K [0x0f2a0000, 0x14800000, 0x24800000)
   the space 87424K,  89% used [0x0f2a0000, 0x13eb2c50, 0x13eb2e00, 0x14800000)
 Metaspace       used 18996K, capacity 19476K, committed 19584K, reserved 19840K
GC Heap History (10 events):
Event: 5692.821 GC heap before
{Heap before GC invocations=41 (full 1):
 def new generation   total 39424K, used 39424K [0x04800000, 0x072c0000, 0x0f2a0000)
  eden space 35072K, 100% used [0x04800000, 0x06a40000, 0x06a40000)
  from space 4352K, 100% used [0x06e80000, 0x072c0000, 0x072c0000)
  to   space 4352K,   0% used [0x06a40000, 0x06a40000, 0x06e80000)
 tenured generation   total 87424K, used 62979K [0x0f2a0000, 0x14800000, 0x24800000)
   the space 87424K,  72% used [0x0f2a0000, 0x13020c90, 0x13020e00, 0x14800000)
 Metaspace       used 18995K, capacity 19476K, committed 19584K, reserved 19840K
Event: 5692.831 GC heap after
Heap after GC invocations=42 (full 1):
 def new generation   total 39424K, used 1945K [0x04800000, 0x072c0000, 0x0f2a0000)
  eden space 35072K,   0% used [0x04800000, 0x04800000, 0x06a40000)
  from space 4352K,  44% used [0x06a40000, 0x06c26758, 0x06e80000)
  to   space 4352K,   0% used [0x06e80000, 0x06e80000, 0x072c0000)
 tenured generation   total 87424K, used 67215K [0x0f2a0000, 0x14800000, 0x24800000)
   the space 87424K,  76% used [0x0f2a0000, 0x13443e18, 0x13444000, 0x14800000)
 Metaspace       used 18995K, capacity 19476K, committed 19584K, reserved 19840K
}
Event: 5815.697 GC heap before
{Heap before GC invocations=42 (full 1):
 def new generation   total 39424K, used 37017K [0x04800000, 0x072c0000, 0x0f2a0000)
  eden space 35072K, 100% used [0x04800000, 0x06a40000, 0x06a40000)
  from space 4352K,  44% used [0x06a40000, 0x06c26758, 0x06e80000)
  to   space 4352K,   0% used [0x06e80000, 0x06e80000, 0x072c0000)
 tenured generation   total 87424K, used 67215K [0x0f2a0000, 0x14800000, 0x24800000)
   the space 87424K,  76% used [0x0f2a0000, 0x13443e18, 0x13444000, 0x14800000)
 Metaspace       used 18995K, capacity 19476K, committed 19584K, reserved 19840K
Event: 5815.703 GC heap after
Heap after GC invocations=43 (full 1):
 def new generation   total 39424K, used 3967K [0x04800000, 0x072c0000, 0x0f2a0000)
  eden space 35072K,   0% used [0x04800000, 0x04800000, 0x06a40000)
  from space 4352K,  91% used [0x06e80000, 0x0725feb8, 0x072c0000)
  to   space 4352K,   0% used [0x06a40000, 0x06a40000, 0x06e80000)
 tenured generation   total 87424K, used 67215K [0x0f2a0000, 0x14800000, 0x24800000)
   the space 87424K,  76% used [0x0f2a0000, 0x13443e18, 0x13444000, 0x14800000)
 Metaspace       used 18995K, capacity 19476K, committed 19584K, reserved 19840K
}
Event: 5958.563 GC heap before
{Heap before GC invocations=43 (full 1):
 def new generation   total 39424K, used 39039K [0x04800000, 0x072c0000, 0x0f2a0000)
  eden space 35072K, 100% used [0x04800000, 0x06a40000, 0x06a40000)
  from space 4352K,  91% used [0x06e80000, 0x0725feb8, 0x072c0000)
  to   space 4352K,   0% used [0x06a40000, 0x06a40000, 0x06e80000)
 tenured generation   total 87424K, used 67215K [0x0f2a0000, 0x14800000, 0x24800000)
   the space 87424K,  76% used [0x0f2a0000, 0x13443e18, 0x13444000, 0x14800000)
 Metaspace       used 18995K, capacity 19476K, committed 19584K, reserved 19840K
Event: 5958.575 GC heap after
Heap after GC invocations=44 (full 1):
 def new generation   total 39424K, used 4352K [0x04800000, 0x072c0000, 0x0f2a0000)
  eden space 35072K,   0% used [0x04800000, 0x04800000, 0x06a40000)
  from space 4352K, 100% used [0x06a40000, 0x06e80000, 0x06e80000)
  to   space 4352K,   0% used [0x06e80000, 0x06e80000, 0x072c0000)
 tenured generation   total 87424K, used 70552K [0x0f2a0000, 0x14800000, 0x24800000)
   the space 87424K,  80% used [0x0f2a0000, 0x13786098, 0x13786200, 0x14800000)
 Metaspace       used 18995K, capacity 19476K, committed 19584K, reserved 19840K
}
Event: 6108.186 GC heap before
{Heap before GC invocations=44 (full 1):
 def new generation   total 39424K, used 39424K [0x04800000, 0x072c0000, 0x0f2a0000)
  eden space 35072K, 100% used [0x04800000, 0x06a40000, 0x06a40000)
  from space 4352K, 100% used [0x06a40000, 0x06e80000, 0x06e80000)
  to   space 4352K,   0% used [0x06e80000, 0x06e80000, 0x072c0000)
 tenured generation   total 87424K, used 70552K [0x0f2a0000, 0x14800000, 0x24800000)
   the space 87424K,  80% used [0x0f2a0000, 0x13786098, 0x13786200, 0x14800000)
 Metaspace       used 18995K, capacity 19476K, committed 19584K, reserved 19840K
Event: 6108.197 GC heap after
Heap after GC invocations=45 (full 1):
 def new generation   total 39424K, used 2999K [0x04800000, 0x072c0000, 0x0f2a0000)
  eden space 35072K,   0% used [0x04800000, 0x04800000, 0x06a40000)
  from space 4352K,  68% used [0x06e80000, 0x0716df20, 0x072c0000)
  to   space 4352K,   0% used [0x06a40000, 0x06a40000, 0x06e80000)
 tenured generation   total 87424K, used 74900K [0x0f2a0000, 0x14800000, 0x24800000)
   the space 87424K,  85% used [0x0f2a0000, 0x13bc5128, 0x13bc5200, 0x14800000)
 Metaspace       used 18995K, capacity 19476K, committed 19584K, reserved 19840K
}
Event: 6133.358 GC heap before
{Heap before GC invocations=45 (full 1):
 def new generation   total 39424K, used 35070K [0x04800000, 0x072c0000, 0x0f2a0000)
  eden space 35072K,  91% used [0x04800000, 0x06751970, 0x06a40000)
  from space 4352K,  68% used [0x06e80000, 0x0716df20, 0x072c0000)
  to   space 4352K,   0% used [0x06a40000, 0x06a40000, 0x06e80000)
 tenured generation   total 87424K, used 74900K [0x0f2a0000, 0x14800000, 0x24800000)
   the space 87424K,  85% used [0x0f2a0000, 0x13bc5128, 0x13bc5200, 0x14800000)
 Metaspace       used 18995K, capacity 19476K, committed 19584K, reserved 19840K
Event: 6133.365 GC heap after
Heap after GC invocations=46 (full 1):
 def new generation   total 39424K, used 1594K [0x04800000, 0x072c0000, 0x0f2a0000)
  eden space 35072K,   0% used [0x04800000, 0x04800000, 0x06a40000)
  from space 4352K,  36% used [0x06a40000, 0x06bcea78, 0x06e80000)
  to   space 4352K,   0% used [0x06e80000, 0x06e80000, 0x072c0000)
 tenured generation   total 87424K, used 77899K [0x0f2a0000, 0x14800000, 0x24800000)
   the space 87424K,  89% used [0x0f2a0000, 0x13eb2c50, 0x13eb2e00, 0x14800000)
 Metaspace       used 18995K, capacity 19476K, committed 19584K, reserved 19840K
}

